Hi, this is the Zoo Announcer. The Zookeeper is about to wake the animals!
Zookeeper here! Now waking up the zoo
Henry the Hippo is awake
Harry the Hippo is awake
Eli the Elephant is awake
Elijah the Elephant is awake
Rachel the Rhino is awake
Ryan the Rhino is awake
Tony the Tiger is awake
Tom the Tiger is awake
Leo the Lion is awake
Lucy the Lion is awake
Chris the Cat is awake
Chloe the Cat is awake
Will the Wolf is awake
Wendy the Wolf is awake
David the Dog is awake
Dan the Dog is awake
Hi, this is the Zoo Announcer. The Zookeeper is about to call the animals!
Zookeeper here! Now doing rollcall
Henry the Hippo says Hello
Harry the Hippo says Hello
Eli the Elephant trumpets
Elijah the Elephant trumpets
Rachel the Rhino says what's up
Ryan the Rhino says what's up
Tony the Tiger growls
Tom the Tiger growls
Leo the Lion roars
Lucy the Lion roars
Chris the Cat meows
Chloe the Cat meows
Will the Wolf howls
Wendy the Wolf howls
David the Dog barks
Dan the Dog barks
Hi, this is the Zoo Announcer. The Zookeeper is about to feed the animals!
Zookeeper here! Now feeding the zoo
Henry the Hippo is eating
Harry the Hippo is eating
Eli the Elephant is eating
Elijah the Elephant is eating
Rachel the Rhino is eating
Ryan the Rhino is eating
Tony the Tiger is eating
Tom the Tiger is eating
Leo the Lion is eating
Lucy the Lion is eating
Chris the Cat is eating
Chloe the Cat is eating
Will the Wolf is eating
Wendy the Wolf is eating
David the Dog is eating
Dan the Dog is eating
Hi, this is the Zoo Announcer. The Zookeeper is about to exercise the animals!
Zookeeper here! Now exercising the zoo
Henry the Hippo is walking
Harry the Hippo is walking
Eli the Elephant is walking
Elijah the Elephant is walking
Rachel the Rhino is walking
Ryan the Rhino is walking
Tony the Tiger is stalking
Tom the Tiger is stalking
Leo the Lion is stalking
Lucy the Lion is stalking
Chris the Cat is stalking
Chloe the Cat is stalking
Will the Wolf is running
Wendy the Wolf is running
David the Dog is running
Dan the Dog is running
Hi, this is the Zoo Announcer. The Zookeeper is about to shutdown the zoo!
Zookeeper here! Now shutting down the zoo
Henry the Hippo is sleeping
Harry the Hippo is sleeping
Eli the Elephant is sleeping
Elijah the Elephant is sleeping
Rachel the Rhino is sleeping
Ryan the Rhino is sleeping
Tony the Tiger is sleeping
Tom the Tiger is sleeping
Leo the Lion is sleeping
Lucy the Lion is sleeping
Chris the Cat is sleeping
Chloe the Cat is sleeping
Will the Wolf is sleeping
Wendy the Wolf is sleeping
David the Dog is sleeping
Dan the Dog is sleeping
This is the Zoo Announcer, I'm going home!
